1745091050.414583 client started (45050): version 3.5a, socket /private/tmp/tmux-501/default, protocol 8
1745091050.414845 on Darwin 23.4.0 Darwin Kernel Version 23.4.0: Fri Mar 15 00:12:49 PDT 2024; root:xnu-10063.101.17~1/RELEASE_ARM64_T6020
1745091050.414864 using libevent 2.1.12-stable select
1745091050.415548 using utf8proc 2.10.0
1745091050.415564 using ncurses 6.5 20240427
1745091050.415587 flags are 0x18010000
1745091050.415599 socket is /private/tmp/tmux-501/default
1745091050.415619 trying connect
1745091050.415688 add peer 0x130048000: 6 (0x0)
1745091050.419962 sending message 111 to peer 0x130048000 (8 bytes)
1745091050.419974 sending message 111 to peer 0x130048000 (8 bytes)
1745091050.419981 sending message 101 to peer 0x130048000 (15 bytes)
1745091050.419986 sending message 109 to peer 0x130048000 (4 bytes)
1745091050.419992 sending message 102 to peer 0x130048000 (13 bytes)
1745091050.419998 sending message 108 to peer 0x130048000 (35 bytes)
1745091050.420003 sending message 112 to peer 0x130048000 (58 bytes)
1745091050.420009 sending message 112 to peer 0x130048000 (5 bytes)
1745091050.420014 sending message 112 to peer 0x130048000 (5 bytes)
1745091050.420019 sending message 112 to peer 0x130048000 (6 bytes)
1745091050.420025 sending message 112 to peer 0x130048000 (6 bytes)
1745091050.420030 sending message 112 to peer 0x130048000 (11 bytes)
1745091050.420036 sending message 112 to peer 0x130048000 (10 bytes)
1745091050.420041 sending message 112 to peer 0x130048000 (13 bytes)
1745091050.420046 sending message 112 to peer 0x130048000 (14 bytes)
1745091050.420052 sending message 112 to peer 0x130048000 (19 bytes)
1745091050.420057 sending message 112 to peer 0x130048000 (11 bytes)
1745091050.420062 sending message 112 to peer 0x130048000 (10 bytes)
1745091050.420067 sending message 112 to peer 0x130048000 (15 bytes)
1745091050.420073 sending message 112 to peer 0x130048000 (21 bytes)
1745091050.420078 sending message 112 to peer 0x130048000 (13 bytes)
1745091050.420083 sending message 112 to peer 0x130048000 (7 bytes)
1745091050.420088 sending message 112 to peer 0x130048000 (13 bytes)
1745091050.420094 sending message 112 to peer 0x130048000 (7 bytes)
1745091050.420099 sending message 112 to peer 0x130048000 (13 bytes)
1745091050.420104 sending message 112 to peer 0x130048000 (9 bytes)
1745091050.420110 sending message 112 to peer 0x130048000 (21 bytes)
1745091050.420115 sending message 112 to peer 0x130048000 (13 bytes)
1745091050.420120 sending message 112 to peer 0x130048000 (9 bytes)
1745091050.420125 sending message 112 to peer 0x130048000 (16 bytes)
1745091050.420131 sending message 112 to peer 0x130048000 (13 bytes)
1745091050.420136 sending message 112 to peer 0x130048000 (9 bytes)
1745091050.420141 sending message 112 to peer 0x130048000 (9 bytes)
1745091050.420146 sending message 112 to peer 0x130048000 (12 bytes)
1745091050.420151 sending message 112 to peer 0x130048000 (8 bytes)
1745091050.420157 sending message 112 to peer 0x130048000 (8 bytes)
1745091050.420162 sending message 112 to peer 0x130048000 (13 bytes)
1745091050.420167 sending message 112 to peer 0x130048000 (7 bytes)
1745091050.420172 sending message 112 to peer 0x130048000 (7 bytes)
1745091050.420178 sending message 112 to peer 0x130048000 (9 bytes)
1745091050.420183 sending message 112 to peer 0x130048000 (9 bytes)
1745091050.420188 sending message 112 to peer 0x130048000 (15 bytes)
1745091050.420193 sending message 112 to peer 0x130048000 (13 bytes)
1745091050.420199 sending message 112 to peer 0x130048000 (12 bytes)
1745091050.420204 sending message 112 to peer 0x130048000 (8 bytes)
1745091050.420209 sending message 112 to peer 0x130048000 (14 bytes)
1745091050.420214 sending message 112 to peer 0x130048000 (11 bytes)
1745091050.420220 sending message 112 to peer 0x130048000 (9 bytes)
1745091050.420225 sending message 112 to peer 0x130048000 (10 bytes)
1745091050.420230 sending message 112 to peer 0x130048000 (10 bytes)
1745091050.420235 sending message 112 to peer 0x130048000 (10 bytes)
1745091050.420241 sending message 112 to peer 0x130048000 (10 bytes)
1745091050.420258 sending message 112 to peer 0x130048000 (11 bytes)
1745091050.420262 sending message 112 to peer 0x130048000 (12 bytes)
1745091050.420266 sending message 112 to peer 0x130048000 (12 bytes)
1745091050.420269 sending message 112 to peer 0x130048000 (12 bytes)
1745091050.420273 sending message 112 to peer 0x130048000 (12 bytes)
1745091050.420277 sending message 112 to peer 0x130048000 (12 bytes)
1745091050.420281 sending message 112 to peer 0x130048000 (11 bytes)
1745091050.420284 sending message 112 to peer 0x130048000 (11 bytes)
1745091050.420288 sending message 112 to peer 0x130048000 (12 bytes)
1745091050.420292 sending message 112 to peer 0x130048000 (12 bytes)
1745091050.420295 sending message 112 to peer 0x130048000 (12 bytes)
1745091050.420299 sending message 112 to peer 0x130048000 (12 bytes)
1745091050.420303 sending message 112 to peer 0x130048000 (12 bytes)
1745091050.420307 sending message 112 to peer 0x130048000 (9 bytes)
1745091050.420310 sending message 112 to peer 0x130048000 (12 bytes)
1745091050.420314 sending message 112 to peer 0x130048000 (13 bytes)
1745091050.420318 sending message 112 to peer 0x130048000 (13 bytes)
1745091050.420321 sending message 112 to peer 0x130048000 (13 bytes)
1745091050.420325 sending message 112 to peer 0x130048000 (13 bytes)
1745091050.420329 sending message 112 to peer 0x130048000 (13 bytes)
1745091050.420332 sending message 112 to peer 0x130048000 (8 bytes)
1745091050.420336 sending message 112 to peer 0x130048000 (11 bytes)
1745091050.420340 sending message 112 to peer 0x130048000 (11 bytes)
1745091050.420344 sending message 112 to peer 0x130048000 (11 bytes)
1745091050.420347 sending message 112 to peer 0x130048000 (12 bytes)
1745091050.420351 sending message 112 to peer 0x130048000 (12 bytes)
1745091050.420355 sending message 112 to peer 0x130048000 (12 bytes)
1745091050.420359 sending message 112 to peer 0x130048000 (12 bytes)
1745091050.420362 sending message 112 to peer 0x130048000 (13 bytes)
1745091050.420366 sending message 112 to peer 0x130048000 (13 bytes)
1745091050.420370 sending message 112 to peer 0x130048000 (13 bytes)
1745091050.420373 sending message 112 to peer 0x130048000 (8 bytes)
1745091050.420377 sending message 112 to peer 0x130048000 (13 bytes)
1745091050.420381 sending message 112 to peer 0x130048000 (13 bytes)
1745091050.420384 sending message 112 to peer 0x130048000 (13 bytes)
1745091050.420388 sending message 112 to peer 0x130048000 (13 bytes)
1745091050.420392 sending message 112 to peer 0x130048000 (13 bytes)
1745091050.420396 sending message 112 to peer 0x130048000 (12 bytes)
1745091050.420399 sending message 112 to peer 0x130048000 (12 bytes)
1745091050.420403 sending message 112 to peer 0x130048000 (12 bytes)
1745091050.420407 sending message 112 to peer 0x130048000 (12 bytes)
1745091050.420410 sending message 112 to peer 0x130048000 (13 bytes)
1745091050.420414 sending message 112 to peer 0x130048000 (8 bytes)
1745091050.420418 sending message 112 to peer 0x130048000 (13 bytes)
1745091050.420421 sending message 112 to peer 0x130048000 (13 bytes)
1745091050.420425 sending message 112 to peer 0x130048000 (13 bytes)
1745091050.420429 sending message 112 to peer 0x130048000 (13 bytes)
1745091050.420432 sending message 112 to peer 0x130048000 (13 bytes)
1745091050.420436 sending message 112 to peer 0x130048000 (13 bytes)
1745091050.420440 sending message 112 to peer 0x130048000 (13 bytes)
1745091050.420444 sending message 112 to peer 0x130048000 (12 bytes)
1745091050.420447 sending message 112 to peer 0x130048000 (12 bytes)
1745091050.420451 sending message 112 to peer 0x130048000 (12 bytes)
1745091050.420455 sending message 112 to peer 0x130048000 (8 bytes)
1745091050.420459 sending message 112 to peer 0x130048000 (12 bytes)
1745091050.420462 sending message 112 to peer 0x130048000 (13 bytes)
1745091050.420466 sending message 112 to peer 0x130048000 (13 bytes)
1745091050.420470 sending message 112 to peer 0x130048000 (13 bytes)
1745091050.420474 sending message 112 to peer 0x130048000 (13 bytes)
1745091050.420484 sending message 112 to peer 0x130048000 (13 bytes)
1745091050.420488 sending message 112 to peer 0x130048000 (13 bytes)
1745091050.420492 sending message 112 to peer 0x130048000 (13 bytes)
1745091050.420496 sending message 112 to peer 0x130048000 (13 bytes)
1745091050.420499 sending message 112 to peer 0x130048000 (12 bytes)
1745091050.420503 sending message 112 to peer 0x130048000 (10 bytes)
1745091050.420507 sending message 112 to peer 0x130048000 (12 bytes)
1745091050.420511 sending message 112 to peer 0x130048000 (12 bytes)
1745091050.420515 sending message 112 to peer 0x130048000 (12 bytes)
1745091050.420518 sending message 112 to peer 0x130048000 (13 bytes)
1745091050.420522 sending message 112 to peer 0x130048000 (13 bytes)
1745091050.420526 sending message 112 to peer 0x130048000 (13 bytes)
1745091050.420529 sending message 112 to peer 0x130048000 (13 bytes)
1745091050.420533 sending message 112 to peer 0x130048000 (13 bytes)
1745091050.420537 sending message 112 to peer 0x130048000 (13 bytes)
1745091050.420541 sending message 112 to peer 0x130048000 (13 bytes)
1745091050.420544 sending message 112 to peer 0x130048000 (10 bytes)
1745091050.420548 sending message 112 to peer 0x130048000 (13 bytes)
1745091050.420551 sending message 112 to peer 0x130048000 (12 bytes)
1745091050.420555 sending message 112 to peer 0x130048000 (12 bytes)
1745091050.420559 sending message 112 to peer 0x130048000 (12 bytes)
1745091050.420563 sending message 112 to peer 0x130048000 (10 bytes)
1745091050.420566 sending message 112 to peer 0x130048000 (10 bytes)
1745091050.420570 sending message 112 to peer 0x130048000 (10 bytes)
1745091050.420574 sending message 112 to peer 0x130048000 (12 bytes)
1745091050.420577 sending message 112 to peer 0x130048000 (13 bytes)
1745091050.420581 sending message 112 to peer 0x130048000 (13 bytes)
1745091050.420585 sending message 112 to peer 0x130048000 (13 bytes)
1745091050.420589 sending message 112 to peer 0x130048000 (13 bytes)
1745091050.420592 sending message 112 to peer 0x130048000 (13 bytes)
1745091050.420596 sending message 112 to peer 0x130048000 (10 bytes)
1745091050.420600 sending message 112 to peer 0x130048000 (11 bytes)
1745091050.420603 sending message 112 to peer 0x130048000 (12 bytes)
1745091050.420607 sending message 112 to peer 0x130048000 (12 bytes)
1745091050.420611 sending message 112 to peer 0x130048000 (12 bytes)
1745091050.420614 sending message 112 to peer 0x130048000 (12 bytes)
1745091050.420618 sending message 112 to peer 0x130048000 (12 bytes)
1745091050.420622 sending message 112 to peer 0x130048000 (11 bytes)
1745091050.420625 sending message 112 to peer 0x130048000 (12 bytes)
1745091050.420629 sending message 112 to peer 0x130048000 (12 bytes)
1745091050.420633 sending message 112 to peer 0x130048000 (13 bytes)
1745091050.420636 sending message 112 to peer 0x130048000 (13 bytes)
1745091050.420640 sending message 112 to peer 0x130048000 (13 bytes)
1745091050.420644 sending message 112 to peer 0x130048000 (13 bytes)
1745091050.420647 sending message 112 to peer 0x130048000 (13 bytes)
1745091050.420651 sending message 112 to peer 0x130048000 (10 bytes)
1745091050.420655 sending message 112 to peer 0x130048000 (9 bytes)
1745091050.420658 sending message 112 to peer 0x130048000 (12 bytes)
1745091050.420662 sending message 112 to peer 0x130048000 (13 bytes)
1745091050.420666 sending message 112 to peer 0x130048000 (13 bytes)
1745091050.420669 sending message 112 to peer 0x130048000 (13 bytes)
1745091050.420673 sending message 112 to peer 0x130048000 (13 bytes)
1745091050.420677 sending message 112 to peer 0x130048000 (13 bytes)
1745091050.420680 sending message 112 to peer 0x130048000 (9 bytes)
1745091050.420684 sending message 112 to peer 0x130048000 (12 bytes)
1745091050.420688 sending message 112 to peer 0x130048000 (13 bytes)
1745091050.420691 sending message 112 to peer 0x130048000 (13 bytes)
1745091050.420695 sending message 112 to peer 0x130048000 (13 bytes)
1745091050.420699 sending message 112 to peer 0x130048000 (13 bytes)
1745091050.420702 sending message 112 to peer 0x130048000 (13 bytes)
1745091050.420711 sending message 112 to peer 0x130048000 (11 bytes)
1745091050.420715 sending message 112 to peer 0x130048000 (12 bytes)
1745091050.420719 sending message 112 to peer 0x130048000 (13 bytes)
1745091050.420723 sending message 112 to peer 0x130048000 (13 bytes)
1745091050.420726 sending message 112 to peer 0x130048000 (13 bytes)
1745091050.420730 sending message 112 to peer 0x130048000 (13 bytes)
1745091050.420734 sending message 112 to peer 0x130048000 (13 bytes)
1745091050.420737 sending message 112 to peer 0x130048000 (11 bytes)
1745091050.420741 sending message 112 to peer 0x130048000 (12 bytes)
1745091050.420745 sending message 112 to peer 0x130048000 (12 bytes)
1745091050.420748 sending message 112 to peer 0x130048000 (12 bytes)
1745091050.420752 sending message 112 to peer 0x130048000 (12 bytes)
1745091050.420756 sending message 112 to peer 0x130048000 (12 bytes)
1745091050.420759 sending message 112 to peer 0x130048000 (21 bytes)
1745091050.420763 sending message 112 to peer 0x130048000 (12 bytes)
1745091050.420767 sending message 112 to peer 0x130048000 (9 bytes)
1745091050.420771 sending message 112 to peer 0x130048000 (6 bytes)
1745091050.420774 sending message 112 to peer 0x130048000 (13 bytes)
1745091050.420778 sending message 112 to peer 0x130048000 (10 bytes)
1745091050.420782 sending message 112 to peer 0x130048000 (24 bytes)
1745091050.420785 sending message 112 to peer 0x130048000 (13 bytes)
1745091050.420789 sending message 112 to peer 0x130048000 (9 bytes)
1745091050.420793 sending message 112 to peer 0x130048000 (70 bytes)
1745091050.420796 sending message 112 to peer 0x130048000 (69 bytes)
1745091050.420800 sending message 112 to peer 0x130048000 (12 bytes)
1745091050.420804 sending message 112 to peer 0x130048000 (10 bytes)
1745091050.420808 sending message 112 to peer 0x130048000 (10 bytes)
1745091050.420811 sending message 112 to peer 0x130048000 (24 bytes)
1745091050.420815 sending message 112 to peer 0x130048000 (13 bytes)
1745091050.420819 sending message 112 to peer 0x130048000 (10 bytes)
1745091050.420822 sending message 112 to peer 0x130048000 (10 bytes)
1745091050.420826 sending message 112 to peer 0x130048000 (10 bytes)
1745091050.420830 sending message 112 to peer 0x130048000 (13 bytes)
1745091050.420833 sending message 112 to peer 0x130048000 (15 bytes)
1745091050.420837 sending message 112 to peer 0x130048000 (5 bytes)
1745091050.420843 sending message 104 to peer 0x130048000 (0 bytes)
1745091050.420847 sending message 110 to peer 0x130048000 (0 bytes)
1745091050.420851 sending message 107 to peer 0x130048000 (4 bytes)
1745091050.420855 sending message 105 to peer 0x130048000 (20 bytes)
1745091050.420859 sending message 105 to peer 0x130048000 (22 bytes)
1745091050.420863 sending message 105 to peer 0x130048000 (27 bytes)
1745091050.420866 sending message 105 to peer 0x130048000 (17 bytes)
1745091050.420870 sending message 105 to peer 0x130048000 (27 bytes)
1745091050.420874 sending message 105 to peer 0x130048000 (23 bytes)
1745091050.420878 sending message 105 to peer 0x130048000 (895 bytes)
1745091050.420882 sending message 105 to peer 0x130048000 (15 bytes)
1745091050.420886 sending message 105 to peer 0x130048000 (66 bytes)
1745091050.420890 sending message 105 to peer 0x130048000 (20 bytes)
1745091050.420893 sending message 105 to peer 0x130048000 (21 bytes)
1745091050.420897 sending message 105 to peer 0x130048000 (46 bytes)
1745091050.420901 sending message 105 to peer 0x130048000 (57 bytes)
1745091050.420905 sending message 105 to peer 0x130048000 (20 bytes)
1745091050.420908 sending message 105 to peer 0x130048000 (57 bytes)
1745091050.420912 sending message 105 to peer 0x130048000 (70 bytes)
1745091050.420916 sending message 105 to peer 0x130048000 (72 bytes)
1745091050.420919 sending message 105 to peer 0x130048000 (64 bytes)
1745091050.420923 sending message 105 to peer 0x130048000 (16 bytes)
1745091050.420927 sending message 105 to peer 0x130048000 (78 bytes)
1745091050.420931 sending message 105 to peer 0x130048000 (14 bytes)
1745091050.420942 sending message 105 to peer 0x130048000 (19 bytes)
1745091050.420947 sending message 105 to peer 0x130048000 (44 bytes)
1745091050.420950 sending message 105 to peer 0x130048000 (38 bytes)
1745091050.420954 sending message 105 to peer 0x130048000 (8 bytes)
1745091050.420958 sending message 105 to peer 0x130048000 (39 bytes)
1745091050.420962 sending message 105 to peer 0x130048000 (29 bytes)
1745091050.420966 sending message 105 to peer 0x130048000 (30 bytes)
1745091050.420969 sending message 105 to peer 0x130048000 (37 bytes)
1745091050.420973 sending message 105 to peer 0x130048000 (34 bytes)
1745091050.420977 sending message 105 to peer 0x130048000 (35 bytes)
1745091050.420981 sending message 105 to peer 0x130048000 (11 bytes)
1745091050.420984 sending message 105 to peer 0x130048000 (32 bytes)
1745091050.420988 sending message 105 to peer 0x130048000 (25 bytes)
1745091050.420992 sending message 106 to peer 0x130048000 (0 bytes)
1745091050.421061 sending message 200 to peer 0x130048000 (4 bytes)
1745091050.421067 client loop enter
1745091050.424910 peer 0x130048000 message 207
1745091050.424924 sending message 208 to peer 0x130048000 (0 bytes)
1745091053.873656 peer 0x130048000 message 201
1745091053.873760 sending message 205 to peer 0x130048000 (0 bytes)
1745091053.874581 peer 0x130048000 message 204
1745091053.874630 client loop exit
